<?xml version="1.0" encoding="UTF-8"?>
<coverage generated="1589897007657" clover="3.2.0">
  <project timestamp="1589897007657" name="All files">
    <metrics statements="43" coveredstatements="42" conditionals="4" coveredconditionals="3" methods="14" coveredmethods="14" elements="61" coveredelements="59" complexity="0" loc="43" ncloc="43" packages="1" files="2" classes="2"/>
    <file name="lobbies.ts" path="C:\Users\rossm\Drink\gamesock-server\src\lobbies.ts">
      <metrics statements="28" coveredstatements="28" conditionals="2" coveredconditionals="2" methods="12" coveredmethods="12"/>
      <line num="29" count="1" type="stmt"/>
      <line num="30" count="1" type="stmt"/>
      <line num="31" count="1" type="stmt"/>
      <line num="37" count="1" type="stmt"/>
      <line num="38" count="2" type="stmt"/>
      <line num="45" count="1" type="stmt"/>
      <line num="46" count="1" type="stmt"/>
      <line num="53" count="1" type="stmt"/>
      <line num="54" count="1" type="stmt"/>
      <line num="63" count="1" type="stmt"/>
      <line num="65" count="1" type="stmt"/>
      <line num="66" count="4" type="stmt"/>
      <line num="67" count="1" type="stmt"/>
      <line num="70" count="4" type="stmt"/>
      <line num="73" count="3" type="cond" truecount="2" falsecount="0"/>
      <line num="74" count="2" type="stmt"/>
      <line num="81" count="2" type="stmt"/>
      <line num="83" count="2" type="stmt"/>
      <line num="85" count="1" type="stmt"/>
      <line num="87" count="1" type="stmt"/>
      <line num="101" count="1" type="stmt"/>
      <line num="103" count="3" type="stmt"/>
      <line num="110" count="3" type="stmt"/>
      <line num="113" count="3" type="stmt"/>
      <line num="115" count="3" type="stmt"/>
      <line num="121" count="1" type="stmt"/>
      <line num="122" count="1" type="stmt"/>
      <line num="128" count="1" type="stmt"/>
    </file>
    <file name="server.ts" path="C:\Users\rossm\Drink\gamesock-server\src\server.ts">
      <metrics statements="15" coveredstatements="14" conditionals="2" coveredconditionals="1" methods="2" coveredmethods="2"/>
      <line num="1" count="1" type="stmt"/>
      <line num="2" count="1" type="stmt"/>
      <line num="3" count="1" type="stmt"/>
      <line num="5" count="1" type="stmt"/>
      <line num="7" count="1" type="stmt"/>
      <line num="21" count="1" type="stmt"/>
      <line num="24" count="1" type="cond" truecount="1" falsecount="1"/>
      <line num="25" count="0" type="stmt"/>
      <line num="30" count="1" type="stmt"/>
      <line num="34" count="1" type="stmt"/>
      <line num="36" count="1" type="stmt"/>
      <line num="37" count="1" type="stmt"/>
      <line num="44" count="1" type="stmt"/>
      <line num="46" count="1" type="stmt"/>
      <line num="54" count="1" type="stmt"/>
    </file>
  </project>
</coverage>
