{"C:\\Users\\rossm\\Drink\\gamesock-server\\src\\lobbies.ts": {"path":"C:\\Users\\rossm\\Drink\\gamesock-server\\src\\lobbies.ts","statementMap":{"0":{"start":{"line":29,"column":26},"end":{"line":29,"column":45}},"1":{"start":{"line":29,"column":41},"end":{"line":29,"column":45}},"2":{"start":{"line":30,"column":37},"end":{"line":30,"column":52}},"3":{"start":{"line":30,"column":48},"end":{"line":30,"column":52}},"4":{"start":{"line":31,"column":33},"end":{"line":31,"column":60}},"5":{"start":{"line":31,"column":56},"end":{"line":31,"column":60}},"6":{"start":{"line":37,"column":13},"end":{"line":39,"column":2}},"7":{"start":{"line":38,"column":2},"end":{"line":38,"column":34}},"8":{"start":{"line":45,"column":13},"end":{"line":47,"column":2}},"9":{"start":{"line":46,"column":2},"end":{"line":46,"column":35}},"10":{"start":{"line":53,"column":13},"end":{"line":55,"column":2}},"11":{"start":{"line":54,"column":2},"end":{"line":54,"column":31}},"12":{"start":{"line":63,"column":13},"end":{"line":91,"column":2}},"13":{"start":{"line":65,"column":2},"end":{"line":90,"column":5}},"14":{"start":{"line":66,"column":4},"end":{"line":68,"column":7}},"15":{"start":{"line":67,"column":6},"end":{"line":67,"column":39}},"16":{"start":{"line":70,"column":4},"end":{"line":89,"column":7}},"17":{"start":{"line":73,"column":6},"end":{"line":88,"column":null}},"18":{"start":{"line":74,"column":29},"end":{"line":78,"column":10}},"19":{"start":{"line":81,"column":8},"end":{"line":81,"column":31}},"20":{"start":{"line":83,"column":8},"end":{"line":83,"column":41}},"21":{"start":{"line":85,"column":8},"end":{"line":85,"column":null}},"22":{"start":{"line":87,"column":8},"end":{"line":87,"column":78}},"23":{"start":{"line":101,"column":18},"end":{"line":119,"column":1}},"24":{"start":{"line":103,"column":25},"end":{"line":107,"column":4}},"25":{"start":{"line":110,"column":2},"end":{"line":110,"column":35}},"26":{"start":{"line":113,"column":2},"end":{"line":113,"column":25}},"27":{"start":{"line":115,"column":2},"end":{"line":118,"column":5}},"28":{"start":{"line":121,"column":20},"end":{"line":126,"column":1}},"29":{"start":{"line":122,"column":2},"end":{"line":125,"column":5}},"30":{"start":{"line":128,"column":0},"end":{"line":128,"column":73}}},"fnMap":{"0":{"name":"(anonymous_0)","decl":{"start":{"line":29,"column":26},"end":{"line":29,"column":27}},"loc":{"start":{"line":29,"column":41},"end":{"line":29,"column":45}}},"1":{"name":"(anonymous_1)","decl":{"start":{"line":30,"column":37},"end":{"line":30,"column":38}},"loc":{"start":{"line":30,"column":48},"end":{"line":30,"column":52}}},"2":{"name":"(anonymous_2)","decl":{"start":{"line":31,"column":33},"end":{"line":31,"column":34}},"loc":{"start":{"line":31,"column":56},"end":{"line":31,"column":60}}},"3":{"name":"(anonymous_3)","decl":{"start":{"line":37,"column":22},"end":{"line":37,"column":23}},"loc":{"start":{"line":37,"column":51},"end":{"line":39,"column":1}}},"4":{"name":"(anonymous_4)","decl":{"start":{"line":45,"column":29},"end":{"line":45,"column":30}},"loc":{"start":{"line":45,"column":63},"end":{"line":47,"column":1}}},"5":{"name":"(anonymous_5)","decl":{"start":{"line":53,"column":27},"end":{"line":53,"column":28}},"loc":{"start":{"line":53,"column":57},"end":{"line":55,"column":1}}},"6":{"name":"(anonymous_6)","decl":{"start":{"line":63,"column":33},"end":{"line":63,"column":34}},"loc":{"start":{"line":63,"column":48},"end":{"line":91,"column":1}}},"7":{"name":"(anonymous_7)","decl":{"start":{"line":65,"column":22},"end":{"line":65,"column":23}},"loc":{"start":{"line":65,"column":41},"end":{"line":90,"column":3}}},"8":{"name":"(anonymous_8)","decl":{"start":{"line":66,"column":27},"end":{"line":66,"column":28}},"loc":{"start":{"line":66,"column":49},"end":{"line":68,"column":5}}},"9":{"name":"(anonymous_9)","decl":{"start":{"line":70,"column":29},"end":{"line":70,"column":30}},"loc":{"start":{"line":70,"column":70},"end":{"line":89,"column":5}}},"10":{"name":"(anonymous_10)","decl":{"start":{"line":101,"column":18},"end":{"line":101,"column":19}},"loc":{"start":{"line":101,"column":68},"end":{"line":119,"column":1}}},"11":{"name":"(anonymous_11)","decl":{"start":{"line":121,"column":20},"end":{"line":121,"column":21}},"loc":{"start":{"line":121,"column":56},"end":{"line":126,"column":1}}}},"branchMap":{"0":{"loc":{"start":{"line":73,"column":6},"end":{"line":88,"column":null}},"type":"if","locations":[{"start":{"line":73,"column":6},"end":{"line":88,"column":null}},{"start":{"line":73,"column":6},"end":{"line":88,"column":null}}]}},"s":{"0":1,"1":1,"2":1,"3":1,"4":1,"5":1,"6":1,"7":2,"8":1,"9":1,"10":1,"11":1,"12":1,"13":1,"14":4,"15":1,"16":4,"17":3,"18":2,"19":2,"20":2,"21":1,"22":1,"23":1,"24":3,"25":3,"26":3,"27":3,"28":1,"29":1,"30":1},"f":{"0":1,"1":1,"2":1,"3":2,"4":1,"5":1,"6":1,"7":4,"8":1,"9":3,"10":3,"11":1},"b":{"0":[2,1]}}
,"C:\\Users\\rossm\\Drink\\gamesock-server\\src\\server.ts": {"path":"C:\\Users\\rossm\\Drink\\gamesock-server\\src\\server.ts","statementMap":{"0":{"start":{"line":1,"column":0},"end":{"line":1,"column":24}},"1":{"start":{"line":2,"column":0},"end":{"line":2,"column":26}},"2":{"start":{"line":3,"column":0},"end":{"line":3,"column":20}},"3":{"start":{"line":5,"column":0},"end":{"line":5,"column":33}},"4":{"start":{"line":7,"column":0},"end":{"line":7,"column":28}},"5":{"start":{"line":54,"column":26},"end":{"line":7,"column":36}},"6":{"start":{"line":54,"column":33},"end":{"line":7,"column":51}},"7":{"start":{"line":54,"column":48},"end":{"line":7,"column":81}},"8":{"start":{"line":21,"column":19},"end":{"line":38,"column":1}},"9":{"start":{"line":24,"column":2},"end":{"line":31,"column":null}},"10":{"start":{"line":25,"column":4},"end":{"line":28,"column":7}},"11":{"start":{"line":30,"column":4},"end":{"line":30,"column":34}},"12":{"start":{"line":34,"column":2},"end":{"line":34,"column":24}},"13":{"start":{"line":36,"column":2},"end":{"line":36,"column":24}},"14":{"start":{"line":37,"column":2},"end":{"line":37,"column":16}},"15":{"start":{"line":54,"column":9},"end":{"line":54,"column":19}},"16":{"start":{"line":44,"column":13},"end":{"line":44,"column":29}},"17":{"start":{"line":44,"column":18},"end":{"line":44,"column":29}},"18":{"start":{"line":54,"column":20},"end":{"line":54,"column":25}},"19":{"start":{"line":46,"column":0},"end":{"line":52,"column":null}}},"fnMap":{"0":{"name":"(anonymous_1)","decl":{"start":{"line":21,"column":19},"end":{"line":21,"column":20}},"loc":{"start":{"line":21,"column":57},"end":{"line":38,"column":1}}},"1":{"name":"(anonymous_2)","decl":{"start":{"line":44,"column":13},"end":{"line":44,"column":15}},"loc":{"start":{"line":44,"column":17},"end":{"line":44,"column":29}}}},"branchMap":{"0":{"loc":{"start":{"line":24,"column":2},"end":{"line":31,"column":null}},"type":"if","locations":[{"start":{"line":24,"column":2},"end":{"line":31,"column":null}},{"start":{"line":24,"column":2},"end":{"line":31,"column":null}}]}},"s":{"0":1,"1":1,"2":1,"3":1,"4":1,"5":1,"6":1,"7":1,"8":1,"9":1,"10":0,"11":1,"12":1,"13":1,"14":1,"15":1,"16":1,"17":1,"18":1,"19":1},"f":{"0":1,"1":1},"b":{"0":[0,1]}}
}
