{"total": {"lines":{"total":63,"covered":58,"skipped":0,"pct":92.06},"statements":{"total":68,"covered":63,"skipped":0,"pct":92.65},"functions":{"total":19,"covered":17,"skipped":0,"pct":89.47},"branches":{"total":8,"covered":6,"skipped":0,"pct":75}}
,"C:\\Users\\rossm\\Drink\\gamesock-server\\src\\lobbies.ts": {"lines":{"total":36,"covered":35,"skipped":0,"pct":97.22},"functions":{"total":15,"covered":15,"skipped":0,"pct":100},"statements":{"total":40,"covered":39,"skipped":0,"pct":97.5},"branches":{"total":6,"covered":5,"skipped":0,"pct":83.33}}
,"C:\\Users\\rossm\\Drink\\gamesock-server\\src\\server.ts": {"lines":{"total":27,"covered":23,"skipped":0,"pct":85.19},"functions":{"total":4,"covered":2,"skipped":0,"pct":50},"statements":{"total":28,"covered":24,"skipped":0,"pct":85.71},"branches":{"total":2,"covered":1,"skipped":0,"pct":50}}
}
