{"total": {"lines":{"total":96,"covered":72,"skipped":0,"pct":75},"statements":{"total":104,"covered":74,"skipped":0,"pct":71.15},"functions":{"total":28,"covered":14,"skipped":0,"pct":50},"branches":{"total":18,"covered":7,"skipped":0,"pct":38.89}}
,"C:\\Users\\rossm\\Drink\\gamesock-server\\src\\lobbies.ts": {"lines":{"total":67,"covered":46,"skipped":0,"pct":68.66},"functions":{"total":24,"covered":12,"skipped":0,"pct":50},"statements":{"total":74,"covered":47,"skipped":0,"pct":63.51},"branches":{"total":16,"covered":6,"skipped":0,"pct":37.5}}
,"C:\\Users\\rossm\\Drink\\gamesock-server\\src\\server.ts": {"lines":{"total":29,"covered":26,"skipped":0,"pct":89.66},"functions":{"total":4,"covered":2,"skipped":0,"pct":50},"statements":{"total":30,"covered":27,"skipped":0,"pct":90},"branches":{"total":2,"covered":1,"skipped":0,"pct":50}}
}
