TN:
SF:src\lobbies.ts
FN:29,(anonymous_0)
FN:30,(anonymous_1)
FN:31,(anonymous_2)
FN:37,(anonymous_3)
FN:45,(anonymous_4)
FN:53,(anonymous_5)
FN:63,(anonymous_6)
FN:65,(anonymous_7)
FN:66,(anonymous_8)
FN:70,(anonymous_9)
FN:101,(anonymous_10)
FN:121,(anonymous_11)
FNF:12
FNH:12
FNDA:1,(anonymous_0)
FNDA:1,(anonymous_1)
FNDA:1,(anonymous_2)
FNDA:2,(anonymous_3)
FNDA:1,(anonymous_4)
FNDA:1,(anonymous_5)
FNDA:1,(anonymous_6)
FNDA:4,(anonymous_7)
FNDA:1,(anonymous_8)
FNDA:3,(anonymous_9)
FNDA:3,(anonymous_10)
FNDA:1,(anonymous_11)
DA:29,1
DA:30,1
DA:31,1
DA:37,1
DA:38,2
DA:45,1
DA:46,1
DA:53,1
DA:54,1
DA:63,1
DA:65,1
DA:66,4
DA:67,1
DA:70,4
DA:73,3
DA:74,2
DA:81,2
DA:83,2
DA:85,1
DA:87,1
DA:101,1
DA:103,3
DA:110,3
DA:113,3
DA:115,3
DA:121,1
DA:122,1
DA:128,1
LF:28
LH:28
BRDA:73,0,0,2
BRDA:73,0,1,1
BRF:2
BRH:2
end_of_record
TN:
SF:src\server.ts
FN:21,(anonymous_1)
FN:44,(anonymous_2)
FNF:2
FNH:2
FNDA:1,(anonymous_1)
FNDA:1,(anonymous_2)
DA:1,1
DA:2,1
DA:3,1
DA:5,1
DA:7,1
DA:21,1
DA:24,1
DA:25,0
DA:30,1
DA:34,1
DA:36,1
DA:37,1
DA:44,1
DA:46,1
DA:54,1
LF:15
LH:14
BRDA:24,0,0,0
BRDA:24,0,1,1
BRF:2
BRH:1
end_of_record
